2020-05-13T18:40:53.364Z INFO c.a.c.p.ContributionInstaller:305 [Timer-0] Start download and signature check of=[https://arduino.esp8266.com/stable/package_esp8266com_index.json, https://raw.githubusercontent.com/wiki/tobozo/Arduino/package_deauther_index.json, https://raw.githubusercontent.com/espressif/arduino-esp32/gh-pages/package_esp32_index.json, https://downloads.arduino.cc/packages/package_index.json]
2020-05-13T18:40:53.387Z INFO c.a.u.n.FileDownloaderCache:92 [Timer-0] Cache folder C:\Users\hp\Desktop\Robotics & Circuis\Meshmerize\Zumo_Bot\data\cache
2020-05-13T18:40:53.419Z INFO c.a.u.n.FileDownloaderCache:149 [Timer-0] Get file cached is expire true, exist false, info FileCached{eTag='null', lastETag='null', remoteURL='https://arduino.esp8266.com/stable/package_esp8266com_index.json', localPath='C:\Users\hp\Desktop\Robotics & Circuis\Meshmerize\Zumo_Bot\data\cache\arduino.esp8266.com\stable\package_esp8266com_index.json', md5='null', createdAt='2020-05-14T00:10:53.401', cacheControl=null} 
2020-05-13T18:40:53.423Z DEBUG c.a.u.n.HttpConnectionManager:125 [Timer-0] Using proxy DIRECT
2020-05-13T18:40:53.428Z INFO c.a.u.n.HttpConnectionManager:148 [Timer-0] Connect to https://arduino.esp8266.com/stable/package_esp8266com_index.json, method=HEAD, request id=50FD0F4DACF74417
2020-05-13T18:40:53.428Z ERROR c.a.u.n.FileDownloader:199 [Timer-0] The request stop
java.net.UnknownHostException: arduino.esp8266.com
	at java.net.AbstractPlainSocketImpl.connect(AbstractPlainSocketImpl.java:184) ~[?:1.8.0_191]
	at java.net.PlainSocketImpl.connect(PlainSocketImpl.java:172) ~[?:1.8.0_191]
	at java.net.SocksSocketImpl.connect(SocksSocketImpl.java:392) ~[?:1.8.0_191]
	at java.net.Socket.connect(Socket.java:589) ~[?:1.8.0_191]
	at sun.security.ssl.SSLSocketImpl.connect(SSLSocketImpl.java:666) ~[?:1.8.0_191]
	at sun.net.NetworkClient.doConnect(NetworkClient.java:175) ~[?:1.8.0_191]
	at sun.net.www.http.HttpClient.openServer(HttpClient.java:463) ~[?:1.8.0_191]
	at sun.net.www.http.HttpClient.openServer(HttpClient.java:558) ~[?:1.8.0_191]
	at sun.net.www.protocol.https.HttpsClient.<init>(HttpsClient.java:264) ~[?:1.8.0_191]
	at sun.net.www.protocol.https.HttpsClient.New(HttpsClient.java:367) ~[?:1.8.0_191]
	at sun.net.www.protocol.https.AbstractDelegateHttpsURLConnection.getNewHttpClient(AbstractDelegateHttpsURLConnection.java:191) ~[?:1.8.0_191]
	at sun.net.www.protocol.http.HttpURLConnection.plainConnect0(HttpURLConnection.java:1199) ~[?:1.8.0_191]
	at sun.net.www.protocol.http.HttpURLConnection.plainConnect(HttpURLConnection.java:1050) ~[?:1.8.0_191]
	at sun.net.www.protocol.https.AbstractDelegateHttpsURLConnection.connect(AbstractDelegateHttpsURLConnection.java:177) ~[?:1.8.0_191]
	at sun.net.www.protocol.https.HttpsURLConnectionImpl.connect(HttpsURLConnectionImpl.java:162) ~[?:1.8.0_191]
	at cc.arduino.utils.network.HttpConnectionManager.makeConnection(HttpConnectionManager.java:150) ~[arduino-core.jar:?]
	at cc.arduino.utils.network.HttpConnectionManager.makeConnection(HttpConnectionManager.java:106) ~[arduino-core.jar:?]
	at cc.arduino.utils.network.FileDownloaderCache.updateCacheInfo(FileDownloaderCache.java:184) ~[arduino-core.jar:?]
	at cc.arduino.utils.network.FileDownloaderCache.getFileCached(FileDownloaderCache.java:153) ~[arduino-core.jar:?]
	at cc.arduino.utils.network.FileDownloader.downloadFile(FileDownloader.java:167) [arduino-core.jar:?]
	at cc.arduino.utils.network.FileDownloader.download(FileDownloader.java:129) [arduino-core.jar:?]
	at cc.arduino.contributions.DownloadableContributionsDownloader.download(DownloadableContributionsDownloader.java:147) [arduino-core.jar:?]
	at cc.arduino.contributions.DownloadableContributionsDownloader.downloadIndexAndSignature(DownloadableContributionsDownloader.java:165) [arduino-core.jar:?]
	at cc.arduino.contributions.packages.ContributionInstaller.updateIndex(ContributionInstaller.java:306) [arduino-core.jar:?]
	at cc.arduino.contributions.ContributionsSelfCheck.updateContributionIndex(ContributionsSelfCheck.java:215) [pde.jar:?]
	at cc.arduino.contributions.ContributionsSelfCheck.run(ContributionsSelfCheck.java:75) [pde.jar:?]
	at java.util.TimerThread.mainLoop(Timer.java:555) [?:1.8.0_191]
	at java.util.TimerThread.run(Timer.java:505) [?:1.8.0_191]
2020-05-13T18:40:53.446Z ERROR c.a.c.DownloadableContributionsDownloader:181 [Timer-0] Cannot download the package index from https://arduino.esp8266.com/stable/package_esp8266com_index.json the package will be discard
java.lang.Exception: Error downloading https://arduino.esp8266.com/stable/package_esp8266com_index.json
	at cc.arduino.contributions.DownloadableContributionsDownloader.download(DownloadableContributionsDownloader.java:149) ~[arduino-core.jar:?]
	at cc.arduino.contributions.DownloadableContributionsDownloader.downloadIndexAndSignature(DownloadableContributionsDownloader.java:165) [arduino-core.jar:?]
	at cc.arduino.contributions.packages.ContributionInstaller.updateIndex(ContributionInstaller.java:306) [arduino-core.jar:?]
	at cc.arduino.contributions.ContributionsSelfCheck.updateContributionIndex(ContributionsSelfCheck.java:215) [pde.jar:?]
	at cc.arduino.contributions.ContributionsSelfCheck.run(ContributionsSelfCheck.java:75) [pde.jar:?]
	at java.util.TimerThread.mainLoop(Timer.java:555) [?:1.8.0_191]
	at java.util.TimerThread.run(Timer.java:505) [?:1.8.0_191]
Caused by: java.net.UnknownHostException: arduino.esp8266.com
	at java.net.AbstractPlainSocketImpl.connect(AbstractPlainSocketImpl.java:184) ~[?:1.8.0_191]
	at java.net.PlainSocketImpl.connect(PlainSocketImpl.java:172) ~[?:1.8.0_191]
	at java.net.SocksSocketImpl.connect(SocksSocketImpl.java:392) ~[?:1.8.0_191]
	at java.net.Socket.connect(Socket.java:589) ~[?:1.8.0_191]
	at sun.security.ssl.SSLSocketImpl.connect(SSLSocketImpl.java:666) ~[?:1.8.0_191]
	at sun.net.NetworkClient.doConnect(NetworkClient.java:175) ~[?:1.8.0_191]
	at sun.net.www.http.HttpClient.openServer(HttpClient.java:463) ~[?:1.8.0_191]
	at sun.net.www.http.HttpClient.openServer(HttpClient.java:558) ~[?:1.8.0_191]
	at sun.net.www.protocol.https.HttpsClient.<init>(HttpsClient.java:264) ~[?:1.8.0_191]
	at sun.net.www.protocol.https.HttpsClient.New(HttpsClient.java:367) ~[?:1.8.0_191]
	at sun.net.www.protocol.https.AbstractDelegateHttpsURLConnection.getNewHttpClient(AbstractDelegateHttpsURLConnection.java:191) ~[?:1.8.0_191]
	at sun.net.www.protocol.http.HttpURLConnection.plainConnect0(HttpURLConnection.java:1199) ~[?:1.8.0_191]
	at sun.net.www.protocol.http.HttpURLConnection.plainConnect(HttpURLConnection.java:1050) ~[?:1.8.0_191]
	at sun.net.www.protocol.https.AbstractDelegateHttpsURLConnection.connect(AbstractDelegateHttpsURLConnection.java:177) ~[?:1.8.0_191]
	at sun.net.www.protocol.https.HttpsURLConnectionImpl.connect(HttpsURLConnectionImpl.java:162) ~[?:1.8.0_191]
	at cc.arduino.utils.network.HttpConnectionManager.makeConnection(HttpConnectionManager.java:150) ~[arduino-core.jar:?]
	at cc.arduino.utils.network.HttpConnectionManager.makeConnection(HttpConnectionManager.java:106) ~[arduino-core.jar:?]
	at cc.arduino.utils.network.FileDownloaderCache.updateCacheInfo(FileDownloaderCache.java:184) ~[arduino-core.jar:?]
	at cc.arduino.utils.network.FileDownloaderCache.getFileCached(FileDownloaderCache.java:153) ~[arduino-core.jar:?]
	at cc.arduino.utils.network.FileDownloader.downloadFile(FileDownloader.java:167) ~[arduino-core.jar:?]
	at cc.arduino.utils.network.FileDownloader.download(FileDownloader.java:129) ~[arduino-core.jar:?]
	at cc.arduino.contributions.DownloadableContributionsDownloader.download(DownloadableContributionsDownloader.java:147) ~[arduino-core.jar:?]
	... 6 more
2020-05-13T18:40:53.447Z ERROR c.a.c.p.ContributionInstaller:308 [Timer-0] Error downloading https://arduino.esp8266.com/stable/package_esp8266com_index.json
java.lang.Exception: Error downloading https://arduino.esp8266.com/stable/package_esp8266com_index.json
	at cc.arduino.contributions.DownloadableContributionsDownloader.download(DownloadableContributionsDownloader.java:149) ~[arduino-core.jar:?]
	at cc.arduino.contributions.DownloadableContributionsDownloader.downloadIndexAndSignature(DownloadableContributionsDownloader.java:165) ~[arduino-core.jar:?]
	at cc.arduino.contributions.packages.ContributionInstaller.updateIndex(ContributionInstaller.java:306) [arduino-core.jar:?]
	at cc.arduino.contributions.ContributionsSelfCheck.updateContributionIndex(ContributionsSelfCheck.java:215) [pde.jar:?]
	at cc.arduino.contributions.ContributionsSelfCheck.run(ContributionsSelfCheck.java:75) [pde.jar:?]
	at java.util.TimerThread.mainLoop(Timer.java:555) [?:1.8.0_191]
	at java.util.TimerThread.run(Timer.java:505) [?:1.8.0_191]
Caused by: java.net.UnknownHostException: arduino.esp8266.com
	at java.net.AbstractPlainSocketImpl.connect(AbstractPlainSocketImpl.java:184) ~[?:1.8.0_191]
	at java.net.PlainSocketImpl.connect(PlainSocketImpl.java:172) ~[?:1.8.0_191]
	at java.net.SocksSocketImpl.connect(SocksSocketImpl.java:392) ~[?:1.8.0_191]
	at java.net.Socket.connect(Socket.java:589) ~[?:1.8.0_191]
	at sun.security.ssl.SSLSocketImpl.connect(SSLSocketImpl.java:666) ~[?:1.8.0_191]
	at sun.net.NetworkClient.doConnect(NetworkClient.java:175) ~[?:1.8.0_191]
	at sun.net.www.http.HttpClient.openServer(HttpClient.java:463) ~[?:1.8.0_191]
	at sun.net.www.http.HttpClient.openServer(HttpClient.java:558) ~[?:1.8.0_191]
	at sun.net.www.protocol.https.HttpsClient.<init>(HttpsClient.java:264) ~[?:1.8.0_191]
	at sun.net.www.protocol.https.HttpsClient.New(HttpsClient.java:367) ~[?:1.8.0_191]
	at sun.net.www.protocol.https.AbstractDelegateHttpsURLConnection.getNewHttpClient(AbstractDelegateHttpsURLConnection.java:191) ~[?:1.8.0_191]
	at sun.net.www.protocol.http.HttpURLConnection.plainConnect0(HttpURLConnection.java:1199) ~[?:1.8.0_191]
	at sun.net.www.protocol.http.HttpURLConnection.plainConnect(HttpURLConnection.java:1050) ~[?:1.8.0_191]
	at sun.net.www.protocol.https.AbstractDelegateHttpsURLConnection.connect(AbstractDelegateHttpsURLConnection.java:177) ~[?:1.8.0_191]
	at sun.net.www.protocol.https.HttpsURLConnectionImpl.connect(HttpsURLConnectionImpl.java:162) ~[?:1.8.0_191]
	at cc.arduino.utils.network.HttpConnectionManager.makeConnection(HttpConnectionManager.java:150) ~[arduino-core.jar:?]
	at cc.arduino.utils.network.HttpConnectionManager.makeConnection(HttpConnectionManager.java:106) ~[arduino-core.jar:?]
	at cc.arduino.utils.network.FileDownloaderCache.updateCacheInfo(FileDownloaderCache.java:184) ~[arduino-core.jar:?]
	at cc.arduino.utils.network.FileDownloaderCache.getFileCached(FileDownloaderCache.java:153) ~[arduino-core.jar:?]
	at cc.arduino.utils.network.FileDownloader.downloadFile(FileDownloader.java:167) ~[arduino-core.jar:?]
	at cc.arduino.utils.network.FileDownloader.download(FileDownloader.java:129) ~[arduino-core.jar:?]
	at cc.arduino.contributions.DownloadableContributionsDownloader.download(DownloadableContributionsDownloader.java:147) ~[arduino-core.jar:?]
	... 6 more
2020-05-13T18:40:53.448Z INFO c.a.c.p.ContributionInstaller:305 [Timer-0] Start download and signature check of=[https://arduino.esp8266.com/stable/package_esp8266com_index.json, https://raw.githubusercontent.com/wiki/tobozo/Arduino/package_deauther_index.json, https://raw.githubusercontent.com/espressif/arduino-esp32/gh-pages/package_esp32_index.json, https://downloads.arduino.cc/packages/package_index.json]
2020-05-13T18:40:53.449Z INFO c.a.u.n.FileDownloaderCache:149 [Timer-0] Get file cached is expire true, exist false, info FileCached{eTag='null', lastETag='null', remoteURL='https://raw.githubusercontent.com/wiki/tobozo/Arduino/package_deauther_index.json', localPath='C:\Users\hp\Desktop\Robotics & Circuis\Meshmerize\Zumo_Bot\data\cache\raw.githubusercontent.com\wiki\tobozo\Arduino\package_deauther_index.json', md5='null', createdAt='2020-05-14T00:10:53.449', cacheControl=null} 
2020-05-13T18:40:53.450Z DEBUG c.a.u.n.HttpConnectionManager:125 [Timer-0] Using proxy DIRECT
2020-05-13T18:40:53.450Z INFO c.a.u.n.HttpConnectionManager:148 [Timer-0] Connect to https://raw.githubusercontent.com/wiki/tobozo/Arduino/package_deauther_index.json, method=HEAD, request id=905BE5E0F4B44431
2020-05-13T18:40:53.450Z ERROR c.a.u.n.FileDownloader:199 [Timer-0] The request stop
java.net.UnknownHostException: raw.githubusercontent.com
	at java.net.AbstractPlainSocketImpl.connect(AbstractPlainSocketImpl.java:184) ~[?:1.8.0_191]
	at java.net.PlainSocketImpl.connect(PlainSocketImpl.java:172) ~[?:1.8.0_191]
	at java.net.SocksSocketImpl.connect(SocksSocketImpl.java:392) ~[?:1.8.0_191]
	at java.net.Socket.connect(Socket.java:589) ~[?:1.8.0_191]
	at sun.security.ssl.SSLSocketImpl.connect(SSLSocketImpl.java:666) ~[?:1.8.0_191]
	at sun.net.NetworkClient.doConnect(NetworkClient.java:175) ~[?:1.8.0_191]
	at sun.net.www.http.HttpClient.openServer(HttpClient.java:463) ~[?:1.8.0_191]
	at sun.net.www.http.HttpClient.openServer(HttpClient.java:558) ~[?:1.8.0_191]
	at sun.net.www.protocol.https.HttpsClient.<init>(HttpsClient.java:264) ~[?:1.8.0_191]
	at sun.net.www.protocol.https.HttpsClient.New(HttpsClient.java:367) ~[?:1.8.0_191]
	at sun.net.www.protocol.https.AbstractDelegateHttpsURLConnection.getNewHttpClient(AbstractDelegateHttpsURLConnection.java:191) ~[?:1.8.0_191]
	at sun.net.www.protocol.http.HttpURLConnection.plainConnect0(HttpURLConnection.java:1199) ~[?:1.8.0_191]
	at sun.net.www.protocol.http.HttpURLConnection.plainConnect(HttpURLConnection.java:1050) ~[?:1.8.0_191]
	at sun.net.www.protocol.https.AbstractDelegateHttpsURLConnection.connect(AbstractDelegateHttpsURLConnection.java:177) ~[?:1.8.0_191]
	at sun.net.www.protocol.https.HttpsURLConnectionImpl.connect(HttpsURLConnectionImpl.java:162) ~[?:1.8.0_191]
	at cc.arduino.utils.network.HttpConnectionManager.makeConnection(HttpConnectionManager.java:150) ~[arduino-core.jar:?]
	at cc.arduino.utils.network.HttpConnectionManager.makeConnection(HttpConnectionManager.java:106) ~[arduino-core.jar:?]
	at cc.arduino.utils.network.FileDownloaderCache.updateCacheInfo(FileDownloaderCache.java:184) ~[arduino-core.jar:?]
	at cc.arduino.utils.network.FileDownloaderCache.getFileCached(FileDownloaderCache.java:153) ~[arduino-core.jar:?]
	at cc.arduino.utils.network.FileDownloader.downloadFile(FileDownloader.java:167) [arduino-core.jar:?]
	at cc.arduino.utils.network.FileDownloader.download(FileDownloader.java:129) [arduino-core.jar:?]
	at cc.arduino.contributions.DownloadableContributionsDownloader.download(DownloadableContributionsDownloader.java:147) [arduino-core.jar:?]
	at cc.arduino.contributions.DownloadableContributionsDownloader.downloadIndexAndSignature(DownloadableContributionsDownloader.java:165) [arduino-core.jar:?]
	at cc.arduino.contributions.packages.ContributionInstaller.updateIndex(ContributionInstaller.java:306) [arduino-core.jar:?]
	at cc.arduino.contributions.ContributionsSelfCheck.updateContributionIndex(ContributionsSelfCheck.java:215) [pde.jar:?]
	at cc.arduino.contributions.ContributionsSelfCheck.run(ContributionsSelfCheck.java:75) [pde.jar:?]
	at java.util.TimerThread.mainLoop(Timer.java:555) [?:1.8.0_191]
	at java.util.TimerThread.run(Timer.java:505) [?:1.8.0_191]
2020-05-13T18:40:53.451Z ERROR c.a.c.DownloadableContributionsDownloader:181 [Timer-0] Cannot download the package index from https://raw.githubusercontent.com/wiki/tobozo/Arduino/package_deauther_index.json the package will be discard
java.lang.Exception: Error downloading https://raw.githubusercontent.com/wiki/tobozo/Arduino/package_deauther_index.json
	at cc.arduino.contributions.DownloadableContributionsDownloader.download(DownloadableContributionsDownloader.java:149) ~[arduino-core.jar:?]
	at cc.arduino.contributions.DownloadableContributionsDownloader.downloadIndexAndSignature(DownloadableContributionsDownloader.java:165) [arduino-core.jar:?]
	at cc.arduino.contributions.packages.ContributionInstaller.updateIndex(ContributionInstaller.java:306) [arduino-core.jar:?]
	at cc.arduino.contributions.ContributionsSelfCheck.updateContributionIndex(ContributionsSelfCheck.java:215) [pde.jar:?]
	at cc.arduino.contributions.ContributionsSelfCheck.run(ContributionsSelfCheck.java:75) [pde.jar:?]
	at java.util.TimerThread.mainLoop(Timer.java:555) [?:1.8.0_191]
	at java.util.TimerThread.run(Timer.java:505) [?:1.8.0_191]
Caused by: java.net.UnknownHostException: raw.githubusercontent.com
	at java.net.AbstractPlainSocketImpl.connect(AbstractPlainSocketImpl.java:184) ~[?:1.8.0_191]
	at java.net.PlainSocketImpl.connect(PlainSocketImpl.java:172) ~[?:1.8.0_191]
	at java.net.SocksSocketImpl.connect(SocksSocketImpl.java:392) ~[?:1.8.0_191]
	at java.net.Socket.connect(Socket.java:589) ~[?:1.8.0_191]
	at sun.security.ssl.SSLSocketImpl.connect(SSLSocketImpl.java:666) ~[?:1.8.0_191]
	at sun.net.NetworkClient.doConnect(NetworkClient.java:175) ~[?:1.8.0_191]
	at sun.net.www.http.HttpClient.openServer(HttpClient.java:463) ~[?:1.8.0_191]
	at sun.net.www.http.HttpClient.openServer(HttpClient.java:558) ~[?:1.8.0_191]
	at sun.net.www.protocol.https.HttpsClient.<init>(HttpsClient.java:264) ~[?:1.8.0_191]
	at sun.net.www.protocol.https.HttpsClient.New(HttpsClient.java:367) ~[?:1.8.0_191]
	at sun.net.www.protocol.https.AbstractDelegateHttpsURLConnection.getNewHttpClient(AbstractDelegateHttpsURLConnection.java:191) ~[?:1.8.0_191]
	at sun.net.www.protocol.http.HttpURLConnection.plainConnect0(HttpURLConnection.java:1199) ~[?:1.8.0_191]
	at sun.net.www.protocol.http.HttpURLConnection.plainConnect(HttpURLConnection.java:1050) ~[?:1.8.0_191]
	at sun.net.www.protocol.https.AbstractDelegateHttpsURLConnection.connect(AbstractDelegateHttpsURLConnection.java:177) ~[?:1.8.0_191]
	at sun.net.www.protocol.https.HttpsURLConnectionImpl.connect(HttpsURLConnectionImpl.java:162) ~[?:1.8.0_191]
	at cc.arduino.utils.network.HttpConnectionManager.makeConnection(HttpConnectionManager.java:150) ~[arduino-core.jar:?]
	at cc.arduino.utils.network.HttpConnectionManager.makeConnection(HttpConnectionManager.java:106) ~[arduino-core.jar:?]
	at cc.arduino.utils.network.FileDownloaderCache.updateCacheInfo(FileDownloaderCache.java:184) ~[arduino-core.jar:?]
	at cc.arduino.utils.network.FileDownloaderCache.getFileCached(FileDownloaderCache.java:153) ~[arduino-core.jar:?]
	at cc.arduino.utils.network.FileDownloader.downloadFile(FileDownloader.java:167) ~[arduino-core.jar:?]
	at cc.arduino.utils.network.FileDownloader.download(FileDownloader.java:129) ~[arduino-core.jar:?]
	at cc.arduino.contributions.DownloadableContributionsDownloader.download(DownloadableContributionsDownloader.java:147) ~[arduino-core.jar:?]
	... 6 more
2020-05-13T18:40:53.451Z ERROR c.a.c.p.ContributionInstaller:308 [Timer-0] Error downloading https://raw.githubusercontent.com/wiki/tobozo/Arduino/package_deauther_index.json
java.lang.Exception: Error downloading https://raw.githubusercontent.com/wiki/tobozo/Arduino/package_deauther_index.json
	at cc.arduino.contributions.DownloadableContributionsDownloader.download(DownloadableContributionsDownloader.java:149) ~[arduino-core.jar:?]
	at cc.arduino.contributions.DownloadableContributionsDownloader.downloadIndexAndSignature(DownloadableContributionsDownloader.java:165) ~[arduino-core.jar:?]
	at cc.arduino.contributions.packages.ContributionInstaller.updateIndex(ContributionInstaller.java:306) [arduino-core.jar:?]
	at cc.arduino.contributions.ContributionsSelfCheck.updateContributionIndex(ContributionsSelfCheck.java:215) [pde.jar:?]
	at cc.arduino.contributions.ContributionsSelfCheck.run(ContributionsSelfCheck.java:75) [pde.jar:?]
	at java.util.TimerThread.mainLoop(Timer.java:555) [?:1.8.0_191]
	at java.util.TimerThread.run(Timer.java:505) [?:1.8.0_191]
Caused by: java.net.UnknownHostException: raw.githubusercontent.com
	at java.net.AbstractPlainSocketImpl.connect(AbstractPlainSocketImpl.java:184) ~[?:1.8.0_191]
	at java.net.PlainSocketImpl.connect(PlainSocketImpl.java:172) ~[?:1.8.0_191]
	at java.net.SocksSocketImpl.connect(SocksSocketImpl.java:392) ~[?:1.8.0_191]
	at java.net.Socket.connect(Socket.java:589) ~[?:1.8.0_191]
	at sun.security.ssl.SSLSocketImpl.connect(SSLSocketImpl.java:666) ~[?:1.8.0_191]
	at sun.net.NetworkClient.doConnect(NetworkClient.java:175) ~[?:1.8.0_191]
	at sun.net.www.http.HttpClient.openServer(HttpClient.java:463) ~[?:1.8.0_191]
	at sun.net.www.http.HttpClient.openServer(HttpClient.java:558) ~[?:1.8.0_191]
	at sun.net.www.protocol.https.HttpsClient.<init>(HttpsClient.java:264) ~[?:1.8.0_191]
	at sun.net.www.protocol.https.HttpsClient.New(HttpsClient.java:367) ~[?:1.8.0_191]
	at sun.net.www.protocol.https.AbstractDelegateHttpsURLConnection.getNewHttpClient(AbstractDelegateHttpsURLConnection.java:191) ~[?:1.8.0_191]
	at sun.net.www.protocol.http.HttpURLConnection.plainConnect0(HttpURLConnection.java:1199) ~[?:1.8.0_191]
	at sun.net.www.protocol.http.HttpURLConnection.plainConnect(HttpURLConnection.java:1050) ~[?:1.8.0_191]
	at sun.net.www.protocol.https.AbstractDelegateHttpsURLConnection.connect(AbstractDelegateHttpsURLConnection.java:177) ~[?:1.8.0_191]
	at sun.net.www.protocol.https.HttpsURLConnectionImpl.connect(HttpsURLConnectionImpl.java:162) ~[?:1.8.0_191]
	at cc.arduino.utils.network.HttpConnectionManager.makeConnection(HttpConnectionManager.java:150) ~[arduino-core.jar:?]
	at cc.arduino.utils.network.HttpConnectionManager.makeConnection(HttpConnectionManager.java:106) ~[arduino-core.jar:?]
	at cc.arduino.utils.network.FileDownloaderCache.updateCacheInfo(FileDownloaderCache.java:184) ~[arduino-core.jar:?]
	at cc.arduino.utils.network.FileDownloaderCache.getFileCached(FileDownloaderCache.java:153) ~[arduino-core.jar:?]
	at cc.arduino.utils.network.FileDownloader.downloadFile(FileDownloader.java:167) ~[arduino-core.jar:?]
	at cc.arduino.utils.network.FileDownloader.download(FileDownloader.java:129) ~[arduino-core.jar:?]
	at cc.arduino.contributions.DownloadableContributionsDownloader.download(DownloadableContributionsDownloader.java:147) ~[arduino-core.jar:?]
	... 6 more
2020-05-13T18:40:53.452Z INFO c.a.c.p.ContributionInstaller:305 [Timer-0] Start download and signature check of=[https://arduino.esp8266.com/stable/package_esp8266com_index.json, https://raw.githubusercontent.com/wiki/tobozo/Arduino/package_deauther_index.json, https://raw.githubusercontent.com/espressif/arduino-esp32/gh-pages/package_esp32_index.json, https://downloads.arduino.cc/packages/package_index.json]
2020-05-13T18:40:53.453Z INFO c.a.u.n.FileDownloaderCache:149 [Timer-0] Get file cached is expire true, exist false, info FileCached{eTag='null', lastETag='null', remoteURL='https://raw.githubusercontent.com/espressif/arduino-esp32/gh-pages/package_esp32_index.json', localPath='C:\Users\hp\Desktop\Robotics & Circuis\Meshmerize\Zumo_Bot\data\cache\raw.githubusercontent.com\espressif\arduino-esp32\gh-pages\package_esp32_index.json', md5='null', createdAt='2020-05-14T00:10:53.453', cacheControl=null} 
2020-05-13T18:40:53.453Z DEBUG c.a.u.n.HttpConnectionManager:125 [Timer-0] Using proxy DIRECT
2020-05-13T18:40:53.454Z INFO c.a.u.n.HttpConnectionManager:148 [Timer-0] Connect to https://raw.githubusercontent.com/espressif/arduino-esp32/gh-pages/package_esp32_index.json, method=HEAD, request id=4D8B5837C3CD4F2B
2020-05-13T18:40:53.454Z ERROR c.a.u.n.FileDownloader:199 [Timer-0] The request stop
java.net.UnknownHostException: raw.githubusercontent.com
	at java.net.AbstractPlainSocketImpl.connect(AbstractPlainSocketImpl.java:184) ~[?:1.8.0_191]
	at java.net.PlainSocketImpl.connect(PlainSocketImpl.java:172) ~[?:1.8.0_191]
	at java.net.SocksSocketImpl.connect(SocksSocketImpl.java:392) ~[?:1.8.0_191]
	at java.net.Socket.connect(Socket.java:589) ~[?:1.8.0_191]
	at sun.security.ssl.SSLSocketImpl.connect(SSLSocketImpl.java:666) ~[?:1.8.0_191]
	at sun.net.NetworkClient.doConnect(NetworkClient.java:175) ~[?:1.8.0_191]
	at sun.net.www.http.HttpClient.openServer(HttpClient.java:463) ~[?:1.8.0_191]
	at sun.net.www.http.HttpClient.openServer(HttpClient.java:558) ~[?:1.8.0_191]
	at sun.net.www.protocol.https.HttpsClient.<init>(HttpsClient.java:264) ~[?:1.8.0_191]
	at sun.net.www.protocol.https.HttpsClient.New(HttpsClient.java:367) ~[?:1.8.0_191]
	at sun.net.www.protocol.https.AbstractDelegateHttpsURLConnection.getNewHttpClient(AbstractDelegateHttpsURLConnection.java:191) ~[?:1.8.0_191]
	at sun.net.www.protocol.http.HttpURLConnection.plainConnect0(HttpURLConnection.java:1199) ~[?:1.8.0_191]
	at sun.net.www.protocol.http.HttpURLConnection.plainConnect(HttpURLConnection.java:1050) ~[?:1.8.0_191]
	at sun.net.www.protocol.https.AbstractDelegateHttpsURLConnection.connect(AbstractDelegateHttpsURLConnection.java:177) ~[?:1.8.0_191]
	at sun.net.www.protocol.https.HttpsURLConnectionImpl.connect(HttpsURLConnectionImpl.java:162) ~[?:1.8.0_191]
	at cc.arduino.utils.network.HttpConnectionManager.makeConnection(HttpConnectionManager.java:150) ~[arduino-core.jar:?]
	at cc.arduino.utils.network.HttpConnectionManager.makeConnection(HttpConnectionManager.java:106) ~[arduino-core.jar:?]
	at cc.arduino.utils.network.FileDownloaderCache.updateCacheInfo(FileDownloaderCache.java:184) ~[arduino-core.jar:?]
	at cc.arduino.utils.network.FileDownloaderCache.getFileCached(FileDownloaderCache.java:153) ~[arduino-core.jar:?]
	at cc.arduino.utils.network.FileDownloader.downloadFile(FileDownloader.java:167) [arduino-core.jar:?]
	at cc.arduino.utils.network.FileDownloader.download(FileDownloader.java:129) [arduino-core.jar:?]
	at cc.arduino.contributions.DownloadableContributionsDownloader.download(DownloadableContributionsDownloader.java:147) [arduino-core.jar:?]
	at cc.arduino.contributions.DownloadableContributionsDownloader.downloadIndexAndSignature(DownloadableContributionsDownloader.java:165) [arduino-core.jar:?]
	at cc.arduino.contributions.packages.ContributionInstaller.updateIndex(ContributionInstaller.java:306) [arduino-core.jar:?]
	at cc.arduino.contributions.ContributionsSelfCheck.updateContributionIndex(ContributionsSelfCheck.java:215) [pde.jar:?]
	at cc.arduino.contributions.ContributionsSelfCheck.run(ContributionsSelfCheck.java:75) [pde.jar:?]
	at java.util.TimerThread.mainLoop(Timer.java:555) [?:1.8.0_191]
	at java.util.TimerThread.run(Timer.java:505) [?:1.8.0_191]
2020-05-13T18:40:53.455Z ERROR c.a.c.DownloadableContributionsDownloader:181 [Timer-0] Cannot download the package index from https://raw.githubusercontent.com/espressif/arduino-esp32/gh-pages/package_esp32_index.json the package will be discard
java.lang.Exception: Error downloading https://raw.githubusercontent.com/espressif/arduino-esp32/gh-pages/package_esp32_index.json
	at cc.arduino.contributions.DownloadableContributionsDownloader.download(DownloadableContributionsDownloader.java:149) ~[arduino-core.jar:?]
	at cc.arduino.contributions.DownloadableContributionsDownloader.downloadIndexAndSignature(DownloadableContributionsDownloader.java:165) [arduino-core.jar:?]
	at cc.arduino.contributions.packages.ContributionInstaller.updateIndex(ContributionInstaller.java:306) [arduino-core.jar:?]
	at cc.arduino.contributions.ContributionsSelfCheck.updateContributionIndex(ContributionsSelfCheck.java:215) [pde.jar:?]
	at cc.arduino.contributions.ContributionsSelfCheck.run(ContributionsSelfCheck.java:75) [pde.jar:?]
	at java.util.TimerThread.mainLoop(Timer.java:555) [?:1.8.0_191]
	at java.util.TimerThread.run(Timer.java:505) [?:1.8.0_191]
Caused by: java.net.UnknownHostException: raw.githubusercontent.com
	at java.net.AbstractPlainSocketImpl.connect(AbstractPlainSocketImpl.java:184) ~[?:1.8.0_191]
	at java.net.PlainSocketImpl.connect(PlainSocketImpl.java:172) ~[?:1.8.0_191]
	at java.net.SocksSocketImpl.connect(SocksSocketImpl.java:392) ~[?:1.8.0_191]
	at java.net.Socket.connect(Socket.java:589) ~[?:1.8.0_191]
	at sun.security.ssl.SSLSocketImpl.connect(SSLSocketImpl.java:666) ~[?:1.8.0_191]
	at sun.net.NetworkClient.doConnect(NetworkClient.java:175) ~[?:1.8.0_191]
	at sun.net.www.http.HttpClient.openServer(HttpClient.java:463) ~[?:1.8.0_191]
	at sun.net.www.http.HttpClient.openServer(HttpClient.java:558) ~[?:1.8.0_191]
	at sun.net.www.protocol.https.HttpsClient.<init>(HttpsClient.java:264) ~[?:1.8.0_191]
	at sun.net.www.protocol.https.HttpsClient.New(HttpsClient.java:367) ~[?:1.8.0_191]
	at sun.net.www.protocol.https.AbstractDelegateHttpsURLConnection.getNewHttpClient(AbstractDelegateHttpsURLConnection.java:191) ~[?:1.8.0_191]
	at sun.net.www.protocol.http.HttpURLConnection.plainConnect0(HttpURLConnection.java:1199) ~[?:1.8.0_191]
	at sun.net.www.protocol.http.HttpURLConnection.plainConnect(HttpURLConnection.java:1050) ~[?:1.8.0_191]
	at sun.net.www.protocol.https.AbstractDelegateHttpsURLConnection.connect(AbstractDelegateHttpsURLConnection.java:177) ~[?:1.8.0_191]
	at sun.net.www.protocol.https.HttpsURLConnectionImpl.connect(HttpsURLConnectionImpl.java:162) ~[?:1.8.0_191]
	at cc.arduino.utils.network.HttpConnectionManager.makeConnection(HttpConnectionManager.java:150) ~[arduino-core.jar:?]
	at cc.arduino.utils.network.HttpConnectionManager.makeConnection(HttpConnectionManager.java:106) ~[arduino-core.jar:?]
	at cc.arduino.utils.network.FileDownloaderCache.updateCacheInfo(FileDownloaderCache.java:184) ~[arduino-core.jar:?]
	at cc.arduino.utils.network.FileDownloaderCache.getFileCached(FileDownloaderCache.java:153) ~[arduino-core.jar:?]
	at cc.arduino.utils.network.FileDownloader.downloadFile(FileDownloader.java:167) ~[arduino-core.jar:?]
	at cc.arduino.utils.network.FileDownloader.download(FileDownloader.java:129) ~[arduino-core.jar:?]
	at cc.arduino.contributions.DownloadableContributionsDownloader.download(DownloadableContributionsDownloader.java:147) ~[arduino-core.jar:?]
	... 6 more
2020-05-13T18:40:53.455Z ERROR c.a.c.p.ContributionInstaller:308 [Timer-0] Error downloading https://raw.githubusercontent.com/espressif/arduino-esp32/gh-pages/package_esp32_index.json
java.lang.Exception: Error downloading https://raw.githubusercontent.com/espressif/arduino-esp32/gh-pages/package_esp32_index.json
	at cc.arduino.contributions.DownloadableContributionsDownloader.download(DownloadableContributionsDownloader.java:149) ~[arduino-core.jar:?]
	at cc.arduino.contributions.DownloadableContributionsDownloader.downloadIndexAndSignature(DownloadableContributionsDownloader.java:165) ~[arduino-core.jar:?]
	at cc.arduino.contributions.packages.ContributionInstaller.updateIndex(ContributionInstaller.java:306) [arduino-core.jar:?]
	at cc.arduino.contributions.ContributionsSelfCheck.updateContributionIndex(ContributionsSelfCheck.java:215) [pde.jar:?]
	at cc.arduino.contributions.ContributionsSelfCheck.run(ContributionsSelfCheck.java:75) [pde.jar:?]
	at java.util.TimerThread.mainLoop(Timer.java:555) [?:1.8.0_191]
	at java.util.TimerThread.run(Timer.java:505) [?:1.8.0_191]
Caused by: java.net.UnknownHostException: raw.githubusercontent.com
	at java.net.AbstractPlainSocketImpl.connect(AbstractPlainSocketImpl.java:184) ~[?:1.8.0_191]
	at java.net.PlainSocketImpl.connect(PlainSocketImpl.java:172) ~[?:1.8.0_191]
	at java.net.SocksSocketImpl.connect(SocksSocketImpl.java:392) ~[?:1.8.0_191]
	at java.net.Socket.connect(Socket.java:589) ~[?:1.8.0_191]
	at sun.security.ssl.SSLSocketImpl.connect(SSLSocketImpl.java:666) ~[?:1.8.0_191]
	at sun.net.NetworkClient.doConnect(NetworkClient.java:175) ~[?:1.8.0_191]
	at sun.net.www.http.HttpClient.openServer(HttpClient.java:463) ~[?:1.8.0_191]
	at sun.net.www.http.HttpClient.openServer(HttpClient.java:558) ~[?:1.8.0_191]
	at sun.net.www.protocol.https.HttpsClient.<init>(HttpsClient.java:264) ~[?:1.8.0_191]
	at sun.net.www.protocol.https.HttpsClient.New(HttpsClient.java:367) ~[?:1.8.0_191]
	at sun.net.www.protocol.https.AbstractDelegateHttpsURLConnection.getNewHttpClient(AbstractDelegateHttpsURLConnection.java:191) ~[?:1.8.0_191]
	at sun.net.www.protocol.http.HttpURLConnection.plainConnect0(HttpURLConnection.java:1199) ~[?:1.8.0_191]
	at sun.net.www.protocol.http.HttpURLConnection.plainConnect(HttpURLConnection.java:1050) ~[?:1.8.0_191]
	at sun.net.www.protocol.https.AbstractDelegateHttpsURLConnection.connect(AbstractDelegateHttpsURLConnection.java:177) ~[?:1.8.0_191]
	at sun.net.www.protocol.https.HttpsURLConnectionImpl.connect(HttpsURLConnectionImpl.java:162) ~[?:1.8.0_191]
	at cc.arduino.utils.network.HttpConnectionManager.makeConnection(HttpConnectionManager.java:150) ~[arduino-core.jar:?]
	at cc.arduino.utils.network.HttpConnectionManager.makeConnection(HttpConnectionManager.java:106) ~[arduino-core.jar:?]
	at cc.arduino.utils.network.FileDownloaderCache.updateCacheInfo(FileDownloaderCache.java:184) ~[arduino-core.jar:?]
	at cc.arduino.utils.network.FileDownloaderCache.getFileCached(FileDownloaderCache.java:153) ~[arduino-core.jar:?]
	at cc.arduino.utils.network.FileDownloader.downloadFile(FileDownloader.java:167) ~[arduino-core.jar:?]
	at cc.arduino.utils.network.FileDownloader.download(FileDownloader.java:129) ~[arduino-core.jar:?]
	at cc.arduino.contributions.DownloadableContributionsDownloader.download(DownloadableContributionsDownloader.java:147) ~[arduino-core.jar:?]
	... 6 more
2020-05-13T18:40:53.456Z INFO c.a.c.p.ContributionInstaller:305 [Timer-0] Start download and signature check of=[https://arduino.esp8266.com/stable/package_esp8266com_index.json, https://raw.githubusercontent.com/wiki/tobozo/Arduino/package_deauther_index.json, https://raw.githubusercontent.com/espressif/arduino-esp32/gh-pages/package_esp32_index.json, https://downloads.arduino.cc/packages/package_index.json]
2020-05-13T18:40:53.457Z INFO c.a.u.n.FileDownloaderCache:149 [Timer-0] Get file cached is expire true, exist false, info FileCached{eTag='null', lastETag='null', remoteURL='https://downloads.arduino.cc/packages/package_index.json', localPath='C:\Users\hp\Desktop\Robotics & Circuis\Meshmerize\Zumo_Bot\data\cache\downloads.arduino.cc\packages\package_index.json', md5='null', createdAt='2020-05-14T00:10:53.456', cacheControl=null} 
2020-05-13T18:40:53.457Z DEBUG c.a.u.n.HttpConnectionManager:125 [Timer-0] Using proxy DIRECT
2020-05-13T18:40:53.457Z INFO c.a.u.n.HttpConnectionManager:148 [Timer-0] Connect to https://downloads.arduino.cc/packages/package_index.json, method=HEAD, request id=DD75C14EA5974FF9
2020-05-13T18:40:53.458Z ERROR c.a.u.n.FileDownloader:199 [Timer-0] The request stop
java.net.UnknownHostException: downloads.arduino.cc
	at java.net.AbstractPlainSocketImpl.connect(AbstractPlainSocketImpl.java:184) ~[?:1.8.0_191]
	at java.net.PlainSocketImpl.connect(PlainSocketImpl.java:172) ~[?:1.8.0_191]
	at java.net.SocksSocketImpl.connect(SocksSocketImpl.java:392) ~[?:1.8.0_191]
	at java.net.Socket.connect(Socket.java:589) ~[?:1.8.0_191]
	at sun.security.ssl.SSLSocketImpl.connect(SSLSocketImpl.java:666) ~[?:1.8.0_191]
	at sun.net.NetworkClient.doConnect(NetworkClient.java:175) ~[?:1.8.0_191]
	at sun.net.www.http.HttpClient.openServer(HttpClient.java:463) ~[?:1.8.0_191]
	at sun.net.www.http.HttpClient.openServer(HttpClient.java:558) ~[?:1.8.0_191]
	at sun.net.www.protocol.https.HttpsClient.<init>(HttpsClient.java:264) ~[?:1.8.0_191]
	at sun.net.www.protocol.https.HttpsClient.New(HttpsClient.java:367) ~[?:1.8.0_191]
	at sun.net.www.protocol.https.AbstractDelegateHttpsURLConnection.getNewHttpClient(AbstractDelegateHttpsURLConnection.java:191) ~[?:1.8.0_191]
	at sun.net.www.protocol.http.HttpURLConnection.plainConnect0(HttpURLConnection.java:1199) ~[?:1.8.0_191]
	at sun.net.www.protocol.http.HttpURLConnection.plainConnect(HttpURLConnection.java:1050) ~[?:1.8.0_191]
	at sun.net.www.protocol.https.AbstractDelegateHttpsURLConnection.connect(AbstractDelegateHttpsURLConnection.java:177) ~[?:1.8.0_191]
	at sun.net.www.protocol.https.HttpsURLConnectionImpl.connect(HttpsURLConnectionImpl.java:162) ~[?:1.8.0_191]
	at cc.arduino.utils.network.HttpConnectionManager.makeConnection(HttpConnectionManager.java:150) ~[arduino-core.jar:?]
	at cc.arduino.utils.network.HttpConnectionManager.makeConnection(HttpConnectionManager.java:106) ~[arduino-core.jar:?]
	at cc.arduino.utils.network.FileDownloaderCache.updateCacheInfo(FileDownloaderCache.java:184) ~[arduino-core.jar:?]
	at cc.arduino.utils.network.FileDownloaderCache.getFileCached(FileDownloaderCache.java:153) ~[arduino-core.jar:?]
	at cc.arduino.utils.network.FileDownloader.downloadFile(FileDownloader.java:167) [arduino-core.jar:?]
	at cc.arduino.utils.network.FileDownloader.download(FileDownloader.java:129) [arduino-core.jar:?]
	at cc.arduino.contributions.DownloadableContributionsDownloader.download(DownloadableContributionsDownloader.java:147) [arduino-core.jar:?]
	at cc.arduino.contributions.DownloadableContributionsDownloader.downloadIndexAndSignature(DownloadableContributionsDownloader.java:165) [arduino-core.jar:?]
	at cc.arduino.contributions.packages.ContributionInstaller.updateIndex(ContributionInstaller.java:306) [arduino-core.jar:?]
	at cc.arduino.contributions.ContributionsSelfCheck.updateContributionIndex(ContributionsSelfCheck.java:215) [pde.jar:?]
	at cc.arduino.contributions.ContributionsSelfCheck.run(ContributionsSelfCheck.java:75) [pde.jar:?]
	at java.util.TimerThread.mainLoop(Timer.java:555) [?:1.8.0_191]
	at java.util.TimerThread.run(Timer.java:505) [?:1.8.0_191]
2020-05-13T18:40:53.459Z ERROR c.a.c.DownloadableContributionsDownloader:181 [Timer-0] Cannot download the package index from https://downloads.arduino.cc/packages/package_index.json the package will be discard
java.lang.Exception: Error downloading https://downloads.arduino.cc/packages/package_index.json
	at cc.arduino.contributions.DownloadableContributionsDownloader.download(DownloadableContributionsDownloader.java:149) ~[arduino-core.jar:?]
	at cc.arduino.contributions.DownloadableContributionsDownloader.downloadIndexAndSignature(DownloadableContributionsDownloader.java:165) [arduino-core.jar:?]
	at cc.arduino.contributions.packages.ContributionInstaller.updateIndex(ContributionInstaller.java:306) [arduino-core.jar:?]
	at cc.arduino.contributions.ContributionsSelfCheck.updateContributionIndex(ContributionsSelfCheck.java:215) [pde.jar:?]
	at cc.arduino.contributions.ContributionsSelfCheck.run(ContributionsSelfCheck.java:75) [pde.jar:?]
	at java.util.TimerThread.mainLoop(Timer.java:555) [?:1.8.0_191]
	at java.util.TimerThread.run(Timer.java:505) [?:1.8.0_191]
Caused by: java.net.UnknownHostException: downloads.arduino.cc
	at java.net.AbstractPlainSocketImpl.connect(AbstractPlainSocketImpl.java:184) ~[?:1.8.0_191]
	at java.net.PlainSocketImpl.connect(PlainSocketImpl.java:172) ~[?:1.8.0_191]
	at java.net.SocksSocketImpl.connect(SocksSocketImpl.java:392) ~[?:1.8.0_191]
	at java.net.Socket.connect(Socket.java:589) ~[?:1.8.0_191]
	at sun.security.ssl.SSLSocketImpl.connect(SSLSocketImpl.java:666) ~[?:1.8.0_191]
	at sun.net.NetworkClient.doConnect(NetworkClient.java:175) ~[?:1.8.0_191]
	at sun.net.www.http.HttpClient.openServer(HttpClient.java:463) ~[?:1.8.0_191]
	at sun.net.www.http.HttpClient.openServer(HttpClient.java:558) ~[?:1.8.0_191]
	at sun.net.www.protocol.https.HttpsClient.<init>(HttpsClient.java:264) ~[?:1.8.0_191]
	at sun.net.www.protocol.https.HttpsClient.New(HttpsClient.java:367) ~[?:1.8.0_191]
	at sun.net.www.protocol.https.AbstractDelegateHttpsURLConnection.getNewHttpClient(AbstractDelegateHttpsURLConnection.java:191) ~[?:1.8.0_191]
	at sun.net.www.protocol.http.HttpURLConnection.plainConnect0(HttpURLConnection.java:1199) ~[?:1.8.0_191]
	at sun.net.www.protocol.http.HttpURLConnection.plainConnect(HttpURLConnection.java:1050) ~[?:1.8.0_191]
	at sun.net.www.protocol.https.AbstractDelegateHttpsURLConnection.connect(AbstractDelegateHttpsURLConnection.java:177) ~[?:1.8.0_191]
	at sun.net.www.protocol.https.HttpsURLConnectionImpl.connect(HttpsURLConnectionImpl.java:162) ~[?:1.8.0_191]
	at cc.arduino.utils.network.HttpConnectionManager.makeConnection(HttpConnectionManager.java:150) ~[arduino-core.jar:?]
	at cc.arduino.utils.network.HttpConnectionManager.makeConnection(HttpConnectionManager.java:106) ~[arduino-core.jar:?]
	at cc.arduino.utils.network.FileDownloaderCache.updateCacheInfo(FileDownloaderCache.java:184) ~[arduino-core.jar:?]
	at cc.arduino.utils.network.FileDownloaderCache.getFileCached(FileDownloaderCache.java:153) ~[arduino-core.jar:?]
	at cc.arduino.utils.network.FileDownloader.downloadFile(FileDownloader.java:167) ~[arduino-core.jar:?]
	at cc.arduino.utils.network.FileDownloader.download(FileDownloader.java:129) ~[arduino-core.jar:?]
	at cc.arduino.contributions.DownloadableContributionsDownloader.download(DownloadableContributionsDownloader.java:147) ~[arduino-core.jar:?]
	... 6 more
2020-05-13T18:40:53.459Z ERROR c.a.c.p.ContributionInstaller:308 [Timer-0] Error downloading https://downloads.arduino.cc/packages/package_index.json
java.lang.Exception: Error downloading https://downloads.arduino.cc/packages/package_index.json
	at cc.arduino.contributions.DownloadableContributionsDownloader.download(DownloadableContributionsDownloader.java:149) ~[arduino-core.jar:?]
	at cc.arduino.contributions.DownloadableContributionsDownloader.downloadIndexAndSignature(DownloadableContributionsDownloader.java:165) ~[arduino-core.jar:?]
	at cc.arduino.contributions.packages.ContributionInstaller.updateIndex(ContributionInstaller.java:306) [arduino-core.jar:?]
	at cc.arduino.contributions.ContributionsSelfCheck.updateContributionIndex(ContributionsSelfCheck.java:215) [pde.jar:?]
	at cc.arduino.contributions.ContributionsSelfCheck.run(ContributionsSelfCheck.java:75) [pde.jar:?]
	at java.util.TimerThread.mainLoop(Timer.java:555) [?:1.8.0_191]
	at java.util.TimerThread.run(Timer.java:505) [?:1.8.0_191]
Caused by: java.net.UnknownHostException: downloads.arduino.cc
	at java.net.AbstractPlainSocketImpl.connect(AbstractPlainSocketImpl.java:184) ~[?:1.8.0_191]
	at java.net.PlainSocketImpl.connect(PlainSocketImpl.java:172) ~[?:1.8.0_191]
	at java.net.SocksSocketImpl.connect(SocksSocketImpl.java:392) ~[?:1.8.0_191]
	at java.net.Socket.connect(Socket.java:589) ~[?:1.8.0_191]
	at sun.security.ssl.SSLSocketImpl.connect(SSLSocketImpl.java:666) ~[?:1.8.0_191]
	at sun.net.NetworkClient.doConnect(NetworkClient.java:175) ~[?:1.8.0_191]
	at sun.net.www.http.HttpClient.openServer(HttpClient.java:463) ~[?:1.8.0_191]
	at sun.net.www.http.HttpClient.openServer(HttpClient.java:558) ~[?:1.8.0_191]
	at sun.net.www.protocol.https.HttpsClient.<init>(HttpsClient.java:264) ~[?:1.8.0_191]
	at sun.net.www.protocol.https.HttpsClient.New(HttpsClient.java:367) ~[?:1.8.0_191]
	at sun.net.www.protocol.https.AbstractDelegateHttpsURLConnection.getNewHttpClient(AbstractDelegateHttpsURLConnection.java:191) ~[?:1.8.0_191]
	at sun.net.www.protocol.http.HttpURLConnection.plainConnect0(HttpURLConnection.java:1199) ~[?:1.8.0_191]
	at sun.net.www.protocol.http.HttpURLConnection.plainConnect(HttpURLConnection.java:1050) ~[?:1.8.0_191]
	at sun.net.www.protocol.https.AbstractDelegateHttpsURLConnection.connect(AbstractDelegateHttpsURLConnection.java:177) ~[?:1.8.0_191]
	at sun.net.www.protocol.https.HttpsURLConnectionImpl.connect(HttpsURLConnectionImpl.java:162) ~[?:1.8.0_191]
	at cc.arduino.utils.network.HttpConnectionManager.makeConnection(HttpConnectionManager.java:150) ~[arduino-core.jar:?]
	at cc.arduino.utils.network.HttpConnectionManager.makeConnection(HttpConnectionManager.java:106) ~[arduino-core.jar:?]
	at cc.arduino.utils.network.FileDownloaderCache.updateCacheInfo(FileDownloaderCache.java:184) ~[arduino-core.jar:?]
	at cc.arduino.utils.network.FileDownloaderCache.getFileCached(FileDownloaderCache.java:153) ~[arduino-core.jar:?]
	at cc.arduino.utils.network.FileDownloader.downloadFile(FileDownloader.java:167) ~[arduino-core.jar:?]
	at cc.arduino.utils.network.FileDownloader.download(FileDownloader.java:129) ~[arduino-core.jar:?]
	at cc.arduino.contributions.DownloadableContributionsDownloader.download(DownloadableContributionsDownloader.java:147) ~[arduino-core.jar:?]
	... 6 more
2020-05-13T18:40:53.460Z INFO c.a.c.p.ContributionInstaller:314 [Timer-0] Downloaded package index URL=[https://arduino.esp8266.com/stable/package_esp8266com_index.json, https://raw.githubusercontent.com/wiki/tobozo/Arduino/package_deauther_index.json, https://raw.githubusercontent.com/espressif/arduino-esp32/gh-pages/package_esp32_index.json, https://downloads.arduino.cc/packages/package_index.json]
2020-05-13T18:40:53.473Z INFO c.a.u.n.FileDownloaderCache:149 [Timer-0] Get file cached is expire true, exist false, info FileCached{eTag='null', lastETag='null', remoteURL='https://downloads.arduino.cc/libraries/library_index.json.gz', localPath='C:\Users\hp\Desktop\Robotics & Circuis\Meshmerize\Zumo_Bot\data\cache\downloads.arduino.cc\libraries\library_index.json.gz', md5='null', createdAt='2020-05-14T00:10:53.473', cacheControl=null} 
2020-05-13T18:40:53.474Z DEBUG c.a.u.n.HttpConnectionManager:125 [Timer-0] Using proxy DIRECT
2020-05-13T18:40:53.474Z INFO c.a.u.n.HttpConnectionManager:148 [Timer-0] Connect to https://downloads.arduino.cc/libraries/library_index.json.gz, method=HEAD, request id=EF14FDF210C64504
2020-05-13T18:40:53.474Z ERROR c.a.u.n.FileDownloader:199 [Timer-0] The request stop
java.net.UnknownHostException: downloads.arduino.cc
	at java.net.AbstractPlainSocketImpl.connect(AbstractPlainSocketImpl.java:184) ~[?:1.8.0_191]
	at java.net.PlainSocketImpl.connect(PlainSocketImpl.java:172) ~[?:1.8.0_191]
	at java.net.SocksSocketImpl.connect(SocksSocketImpl.java:392) ~[?:1.8.0_191]
	at java.net.Socket.connect(Socket.java:589) ~[?:1.8.0_191]
	at sun.security.ssl.SSLSocketImpl.connect(SSLSocketImpl.java:666) ~[?:1.8.0_191]
	at sun.net.NetworkClient.doConnect(NetworkClient.java:175) ~[?:1.8.0_191]
	at sun.net.www.http.HttpClient.openServer(HttpClient.java:463) ~[?:1.8.0_191]
	at sun.net.www.http.HttpClient.openServer(HttpClient.java:558) ~[?:1.8.0_191]
	at sun.net.www.protocol.https.HttpsClient.<init>(HttpsClient.java:264) ~[?:1.8.0_191]
	at sun.net.www.protocol.https.HttpsClient.New(HttpsClient.java:367) ~[?:1.8.0_191]
	at sun.net.www.protocol.https.AbstractDelegateHttpsURLConnection.getNewHttpClient(AbstractDelegateHttpsURLConnection.java:191) ~[?:1.8.0_191]
	at sun.net.www.protocol.http.HttpURLConnection.plainConnect0(HttpURLConnection.java:1199) ~[?:1.8.0_191]
	at sun.net.www.protocol.http.HttpURLConnection.plainConnect(HttpURLConnection.java:1050) ~[?:1.8.0_191]
	at sun.net.www.protocol.https.AbstractDelegateHttpsURLConnection.connect(AbstractDelegateHttpsURLConnection.java:177) ~[?:1.8.0_191]
	at sun.net.www.protocol.https.HttpsURLConnectionImpl.connect(HttpsURLConnectionImpl.java:162) ~[?:1.8.0_191]
	at cc.arduino.utils.network.HttpConnectionManager.makeConnection(HttpConnectionManager.java:150) ~[arduino-core.jar:?]
	at cc.arduino.utils.network.HttpConnectionManager.makeConnection(HttpConnectionManager.java:106) ~[arduino-core.jar:?]
	at cc.arduino.utils.network.FileDownloaderCache.updateCacheInfo(FileDownloaderCache.java:184) ~[arduino-core.jar:?]
	at cc.arduino.utils.network.FileDownloaderCache.getFileCached(FileDownloaderCache.java:153) ~[arduino-core.jar:?]
	at cc.arduino.utils.network.FileDownloader.downloadFile(FileDownloader.java:167) [arduino-core.jar:?]
	at cc.arduino.utils.network.FileDownloader.download(FileDownloader.java:129) [arduino-core.jar:?]
	at cc.arduino.contributions.DownloadableContributionsDownloader.download(DownloadableContributionsDownloader.java:147) [arduino-core.jar:?]
	at cc.arduino.contributions.DownloadableContributionsDownloader.download(DownloadableContributionsDownloader.java:130) [arduino-core.jar:?]
	at cc.arduino.contributions.JsonDownloader.download(JsonDownloader.java:49) [arduino-core.jar:?]
	at cc.arduino.contributions.GZippedJsonDownloader.download(GZippedJsonDownloader.java:63) [arduino-core.jar:?]
	at cc.arduino.contributions.libraries.LibraryInstaller.updateIndex(LibraryInstaller.java:84) [arduino-core.jar:?]
	at cc.arduino.contributions.ContributionsSelfCheck.updateLibrariesIndex(ContributionsSelfCheck.java:204) [pde.jar:?]
	at cc.arduino.contributions.ContributionsSelfCheck.run(ContributionsSelfCheck.java:76) [pde.jar:?]
	at java.util.TimerThread.mainLoop(Timer.java:555) [?:1.8.0_191]
	at java.util.TimerThread.run(Timer.java:505) [?:1.8.0_191]
2020-05-13T18:40:53.475Z INFO c.a.u.n.FileDownloaderCache:149 [Timer-0] Get file cached is expire true, exist false, info FileCached{eTag='null', lastETag='null', remoteURL='https://downloads.arduino.cc/libraries/library_index.json', localPath='C:\Users\hp\Desktop\Robotics & Circuis\Meshmerize\Zumo_Bot\data\cache\downloads.arduino.cc\libraries\library_index.json', md5='null', createdAt='2020-05-14T00:10:53.475', cacheControl=null} 
2020-05-13T18:40:53.475Z DEBUG c.a.u.n.HttpConnectionManager:125 [Timer-0] Using proxy DIRECT
2020-05-13T18:40:53.476Z INFO c.a.u.n.HttpConnectionManager:148 [Timer-0] Connect to https://downloads.arduino.cc/libraries/library_index.json, method=HEAD, request id=7BB9A34173284865
2020-05-13T18:40:53.476Z ERROR c.a.u.n.FileDownloader:199 [Timer-0] The request stop
java.net.UnknownHostException: downloads.arduino.cc
	at java.net.AbstractPlainSocketImpl.connect(AbstractPlainSocketImpl.java:184) ~[?:1.8.0_191]
	at java.net.PlainSocketImpl.connect(PlainSocketImpl.java:172) ~[?:1.8.0_191]
	at java.net.SocksSocketImpl.connect(SocksSocketImpl.java:392) ~[?:1.8.0_191]
	at java.net.Socket.connect(Socket.java:589) ~[?:1.8.0_191]
	at sun.security.ssl.SSLSocketImpl.connect(SSLSocketImpl.java:666) ~[?:1.8.0_191]
	at sun.net.NetworkClient.doConnect(NetworkClient.java:175) ~[?:1.8.0_191]
	at sun.net.www.http.HttpClient.openServer(HttpClient.java:463) ~[?:1.8.0_191]
	at sun.net.www.http.HttpClient.openServer(HttpClient.java:558) ~[?:1.8.0_191]
	at sun.net.www.protocol.https.HttpsClient.<init>(HttpsClient.java:264) ~[?:1.8.0_191]
	at sun.net.www.protocol.https.HttpsClient.New(HttpsClient.java:367) ~[?:1.8.0_191]
	at sun.net.www.protocol.https.AbstractDelegateHttpsURLConnection.getNewHttpClient(AbstractDelegateHttpsURLConnection.java:191) ~[?:1.8.0_191]
	at sun.net.www.protocol.http.HttpURLConnection.plainConnect0(HttpURLConnection.java:1199) ~[?:1.8.0_191]
	at sun.net.www.protocol.http.HttpURLConnection.plainConnect(HttpURLConnection.java:1050) ~[?:1.8.0_191]
	at sun.net.www.protocol.https.AbstractDelegateHttpsURLConnection.connect(AbstractDelegateHttpsURLConnection.java:177) ~[?:1.8.0_191]
	at sun.net.www.protocol.https.HttpsURLConnectionImpl.connect(HttpsURLConnectionImpl.java:162) ~[?:1.8.0_191]
	at cc.arduino.utils.network.HttpConnectionManager.makeConnection(HttpConnectionManager.java:150) ~[arduino-core.jar:?]
	at cc.arduino.utils.network.HttpConnectionManager.makeConnection(HttpConnectionManager.java:106) ~[arduino-core.jar:?]
	at cc.arduino.utils.network.FileDownloaderCache.updateCacheInfo(FileDownloaderCache.java:184) ~[arduino-core.jar:?]
	at cc.arduino.utils.network.FileDownloaderCache.getFileCached(FileDownloaderCache.java:153) ~[arduino-core.jar:?]
	at cc.arduino.utils.network.FileDownloader.downloadFile(FileDownloader.java:167) [arduino-core.jar:?]
	at cc.arduino.utils.network.FileDownloader.download(FileDownloader.java:129) [arduino-core.jar:?]
	at cc.arduino.contributions.DownloadableContributionsDownloader.download(DownloadableContributionsDownloader.java:147) [arduino-core.jar:?]
	at cc.arduino.contributions.DownloadableContributionsDownloader.download(DownloadableContributionsDownloader.java:130) [arduino-core.jar:?]
	at cc.arduino.contributions.JsonDownloader.download(JsonDownloader.java:49) [arduino-core.jar:?]
	at cc.arduino.contributions.GZippedJsonDownloader.download(GZippedJsonDownloader.java:66) [arduino-core.jar:?]
	at cc.arduino.contributions.libraries.LibraryInstaller.updateIndex(LibraryInstaller.java:84) [arduino-core.jar:?]
	at cc.arduino.contributions.ContributionsSelfCheck.updateLibrariesIndex(ContributionsSelfCheck.java:204) [pde.jar:?]
	at cc.arduino.contributions.ContributionsSelfCheck.run(ContributionsSelfCheck.java:76) [pde.jar:?]
	at java.util.TimerThread.mainLoop(Timer.java:555) [?:1.8.0_191]
	at java.util.TimerThread.run(Timer.java:505) [?:1.8.0_191]
